Running in Lattice mode


Starting:    C:\lscc\iCEcube2.2020.12\synpbase\bin64\mbin\synbatch.exe
Install:     C:\lscc\iCEcube2.2020.12\synpbase
Hostname:    AKULK
Date:        Thu Apr 03 14:27:40 2025
Version:     L-2016.09L+ice40

Arguments:   -product synplify_pro -batch prescaler_syn.prj
ProductType: synplify_pro





log file: "C:\Users\akulk\Downloads\FPGA Personal Projects\IceStickProjects\prescaler\prescaler\prescaler_Implmnt\prescaler.srr"
Running: prescaler_Implmnt in foreground

Running prescaler_syn|prescaler_Implmnt

Running: compile (Compile) on prescaler_syn|prescaler_Implmnt
# Thu Apr 03 14:27:40 2025

Running: compile_flow (Compile Process) on prescaler_syn|prescaler_Implmnt
# Thu Apr 03 14:27:40 2025

Running: compiler (Compile Input) on prescaler_syn|prescaler_Implmnt
# Thu Apr 03 14:27:40 2025
Copied C:\Users\akulk\Downloads\FPGA Personal Projects\IceStickProjects\prescaler\prescaler\prescaler_Implmnt\synwork\prescaler_comp.srs to C:\Users\akulk\Downloads\FPGA Personal Projects\IceStickProjects\prescaler\prescaler\prescaler_Implmnt\prescaler.srs

compiler completed
# Thu Apr 03 14:27:43 2025

Return Code: 0
Run Time:00h:00m:03s

Running: multi_srs_gen (Multi-srs Generator) on prescaler_syn|prescaler_Implmnt
# Thu Apr 03 14:27:43 2025

multi_srs_gen completed
# Thu Apr 03 14:27:43 2025

Return Code: 0
Run Time:00h:00m:00s
Copied C:\Users\akulk\Downloads\FPGA Personal Projects\IceStickProjects\prescaler\prescaler\prescaler_Implmnt\synwork\prescaler_mult.srs to C:\Users\akulk\Downloads\FPGA Personal Projects\IceStickProjects\prescaler\prescaler\prescaler_Implmnt\prescaler.srs
Complete: Compile Process on prescaler_syn|prescaler_Implmnt

Running: premap (Pre-mapping) on prescaler_syn|prescaler_Implmnt
# Thu Apr 03 14:27:43 2025

premap completed with warnings
# Thu Apr 03 14:27:44 2025

Return Code: 1
Run Time:00h:00m:01s
Complete: Compile on prescaler_syn|prescaler_Implmnt

Running: map (Map) on prescaler_syn|prescaler_Implmnt
# Thu Apr 03 14:27:44 2025
License granted for 4 parallel jobs

Running: fpga_mapper (Map & Optimize) on prescaler_syn|prescaler_Implmnt
# Thu Apr 03 14:27:44 2025
Copied C:\Users\akulk\Downloads\FPGA Personal Projects\IceStickProjects\prescaler\prescaler\prescaler_Implmnt\synwork\prescaler_m.srm to C:\Users\akulk\Downloads\FPGA Personal Projects\IceStickProjects\prescaler\prescaler\prescaler_Implmnt\prescaler.srm

fpga_mapper completed with warnings
# Thu Apr 03 14:27:45 2025

Return Code: 1
Run Time:00h:00m:01s
Complete: Map on prescaler_syn|prescaler_Implmnt
Complete: Logic Synthesis on prescaler_syn|prescaler_Implmnt

exit status=0

exit status=0

